GowinSynthesis start
Running parser ...
Analyzing Verilog file '/home/sdev/Workspace/GowinEDA/Gowin_GW1NR-9/VerilogBasics/src/Top.v'
Analyzing Verilog file '/home/sdev/Workspace/GowinEDA/Gowin_GW1NR-9/VerilogBasics/src/CombinationalLogic.v'
Compiling module 'TopModule'("/home/sdev/Workspace/GowinEDA/Gowin_GW1NR-9/VerilogBasics/src/Top.v":1)
WARN  (EX3780) : Using initial value of 'speed' since it is never assigned("/home/sdev/Workspace/GowinEDA/Gowin_GW1NR-9/VerilogBasics/src/Top.v":13)
WARN  (EX3791) : Expression size 5 truncated to fit in target size 4("/home/sdev/Workspace/GowinEDA/Gowin_GW1NR-9/VerilogBasics/src/Top.v":39)
WARN  (EX3791) : Expression size 32 truncated to fit in target size 4("/home/sdev/Workspace/GowinEDA/Gowin_GW1NR-9/VerilogBasics/src/Top.v":49)
WARN  (EX1998) : Net 'outLed' does not have a driver("/home/sdev/Workspace/GowinEDA/Gowin_GW1NR-9/VerilogBasics/src/Top.v":15)
NOTE  (EX0101) : Current top module is "TopModule"
[5%] Running netlist conversion ...
WARN  (CV0016) : Input sys_rst_n is unused("/home/sdev/Workspace/GowinEDA/Gowin_GW1NR-9/VerilogBasics/src/Top.v":3)
WARN  (CV0016) : Input btn2 is unused("/home/sdev/Workspace/GowinEDA/Gowin_GW1NR-9/VerilogBasics/src/Top.v":4)
Running device independent optimization ...
[10%] Optimizing Phase 0 completed
[15%] Optimizing Phase 1 completed
[25%] Optimizing Phase 2 completed
Running inference ...
[30%] Inferring Phase 0 completed
[40%] Inferring Phase 1 completed
[50%] Inferring Phase 2 completed
[55%] Inferring Phase 3 completed
Running technical mapping ...
[60%] Tech-Mapping Phase 0 completed
[65%] Tech-Mapping Phase 1 completed
[75%] Tech-Mapping Phase 2 completed
[80%] Tech-Mapping Phase 3 completed
[90%] Tech-Mapping Phase 4 completed
[95%] Generate netlist file "/home/sdev/Workspace/GowinEDA/Gowin_GW1NR-9/VerilogBasics/impl/gwsynthesis/VerilogBasics.vg" completed
[100%] Generate report file "/home/sdev/Workspace/GowinEDA/Gowin_GW1NR-9/VerilogBasics/impl/gwsynthesis/VerilogBasics_syn.rpt.html" completed
GowinSynthesis finish
